2019-12-01 16:15:57,367 INFO (ServerHandler.java:23)- 激活
2019-12-01 16:15:57,389 INFO (ServerHandler.java:28)- 服务端收到消息：PooledUnsafeDirectByteBuf(ridx: 0, widx: 441, cap: 1024)
2019-12-01 16:15:57,394 INFO (RequestHandler.java:33)- Request(serviceName=com.rpc.service.DemoService, method=sayHello, headers={}, prameterTypes=[class java.lang.String], parameters=[world])
2019-12-01 16:15:57,395 INFO (RequestHandler.java:44)- ServiceObject(name=com.rpc.service.DemoService, interf=interface com.rpc.service.DemoService, obj=com.rpc.service.impl.DemoServiceImpl@3a8300ee)
2019-12-01 16:15:57,395 INFO (RequestHandler.java:57)- Response(status=SUCCESS, headers={}, returnValue=Hello world, exception=null)
2019-12-01 16:15:57,407 INFO (ServerHandler.java:35)- 发送响应：UnpooledByteBufAllocator$InstrumentedUnpooledUnsafeHeapByteBuf(ridx: 0, widx: 377, cap: 377)
2019-12-01 16:15:57,407 INFO (ServerHandler.java:41)- ctx.flush
2019-12-01 16:15:57,410 INFO (ServerHandler.java:41)- ctx.flush
2019-12-01 16:15:57,417 INFO (ServerHandler.java:23)- 激活
2019-12-01 16:15:57,419 INFO (ServerHandler.java:28)- 服务端收到消息：PooledUnsafeDirectByteBuf(ridx: 0, widx: 552, cap: 1024)
2019-12-01 16:15:57,421 INFO (RequestHandler.java:33)- Request(serviceName=com.rpc.service.DemoService, method=multiPoint, headers={}, prameterTypes=[class java.awt.Point, int], parameters=[java.awt.Point[x=5,y=10], 2])
2019-12-01 16:15:57,421 INFO (RequestHandler.java:44)- ServiceObject(name=com.rpc.service.DemoService, interf=interface com.rpc.service.DemoService, obj=com.rpc.service.impl.DemoServiceImpl@3a8300ee)
2019-12-01 16:15:57,421 INFO (RequestHandler.java:57)- Response(status=SUCCESS, headers={}, returnValue=java.awt.Point[x=10,y=20], exception=null)
2019-12-01 16:15:57,422 INFO (ServerHandler.java:35)- 发送响应：UnpooledByteBufAllocator$InstrumentedUnpooledUnsafeHeapByteBuf(ridx: 0, widx: 410, cap: 410)
2019-12-01 16:15:57,422 INFO (ServerHandler.java:41)- ctx.flush
2019-12-01 16:15:57,423 INFO (ServerHandler.java:41)- ctx.flush
2019-12-01 16:15:57,427 INFO (ServerHandler.java:23)- 激活
2019-12-01 16:15:57,428 INFO (ServerHandler.java:28)- 服务端收到消息：PooledUnsafeDirectByteBuf(ridx: 0, widx: 443, cap: 1024)
2019-12-01 16:15:57,429 INFO (RequestHandler.java:33)- Request(serviceName=com.rpc.service.RpcInfoService, method=get, headers={}, prameterTypes=[class java.lang.String], parameters=[xiao san ])
2019-12-01 16:15:57,429 INFO (RequestHandler.java:44)- ServiceObject(name=com.rpc.service.RpcInfoService, interf=interface com.rpc.service.RpcInfoService, obj=com.rpc.service.impl.RpcInfoServiceImpl@372ca776)
2019-12-01 16:15:57,429 INFO (RequestHandler.java:57)- Response(status=SUCCESS, headers={}, returnValue=我来找你，xiao san , exception=null)
